2019:10:20 21:00:09.562 INFO  --- [main] com.jypweback.portfolio.Application : Starting Application on 박제영-PC with PID 29124 (C:\workspace\portfolio\target\classes started by jypweback in C:\workspace\portfolio) 
2019:10:20 21:00:09.568 INFO  --- [main] com.jypweback.portfolio.Application : The following profiles are active: local 
2019:10:20 21:00:17.881 INFO  --- [main] com.jypweback.portfolio.Application : Starting Application on 박제영-PC with PID 27120 (C:\workspace\portfolio\target\classes started by jypweback in C:\workspace\portfolio) 
2019:10:20 21:00:17.884 INFO  --- [main] com.jypweback.portfolio.Application : The following profiles are active: local 
2019:10:20 21:00:19.793 INFO  --- [main] o.s.d.r.c.RepositoryConfigurationDelegate : Bootstrapping Spring Data repositories in DEFAULT mode. 
2019:10:20 21:00:19.937 INFO  --- [main] o.s.d.r.c.RepositoryConfigurationDelegate : Finished Spring Data repository scanning in 131ms. Found 4 repository interfaces. 
2019:10:20 21:00:20.318 INFO  --- [main] o.s.c.s.PostProcessorRegistrationDelegate$BeanPostProcessorChecker : Bean 'org.springframework.transaction.annotation.ProxyTransactionManagementConfiguration' of type [org.springframework.transaction.annotation.ProxyTransactionManagementConfiguration$$EnhancerBySpringCGLIB$$f4e8b5df] is not eligible for getting processed by all BeanPostProcessors (for example: not eligible for auto-proxying) 
2019:10:20 21:00:21.135 INFO  --- [main] o.s.b.w.e.tomcat.TomcatWebServer : Tomcat initialized with port(s): 8080 (http) 
2019:10:20 21:00:21.165 INFO  --- [main] o.a.catalina.core.StandardService : Starting service [Tomcat] 
2019:10:20 21:00:21.166 INFO  --- [main] o.a.catalina.core.StandardEngine : Starting Servlet Engine: Apache Tomcat/9.0.13 
2019:10:20 21:00:21.176 INFO  --- [main] o.a.c.core.AprLifecycleListener : The APR based Apache Tomcat Native library which allows optimal performance in production environments was not found on the java.library.path: [C:\Program Files\Zulu\zulu-8\bin;C:\Windows\Sun\Java\bin;C:\Windows\system32;C:\Windows;C:\ProgramData\DockerDesktop\version-bin;C:\Program Files\Docker\Docker\Resources\bin;C:\Windows\system32;C:\Windows;C:\Windows\System32\Wbem;C:\Windows\System32\WindowsPowerShell\v1.0\;C:\Windows\System32\OpenSSH\;C:\Program Files\TortoiseSVN\bin;C:\Program Files\dotnet\;C:\Program Files\Microsoft SQL Server\130\Tools\Binn\;C:\Program Files (x86)\Microsoft SQL Server\Client SDK\ODBC\130\Tools\Binn\;C:\Program Files (x86)\Microsoft SQL Server\140\Tools\Binn\;C:\Program Files (x86)\Microsoft SQL Server\140\DTS\Binn\;C:\Program Files (x86)\Microsoft SQL Server\140\Tools\Binn\ManagementStudio\;C:\Program Files\Git\cmd;C:\Program Files\Zulu\zulu-8\bin;D:\programming\file\apache-maven-3.6.1\bin;C:\Program Files\PuTTY\;C:\Users\jypweback\AppData\Local\Microsoft\WindowsApps;C:\Program Files\Bandizip\;C:\Users\jypweback\AppData\Local\Programs\Fiddler;C:\Users\jypweback\AppData\Local\Programs\Microsoft VS Code\bin;;.] 
2019:10:20 21:00:21.345 INFO  --- [main] o.a.c.c.C.[Tomcat].[localhost].[/] : Initializing Spring embedded WebApplicationContext 
2019:10:20 21:00:21.346 INFO  --- [main] o.s.web.context.ContextLoader : Root WebApplicationContext: initialization completed in 2944 ms 
2019:10:20 21:00:21.521 INFO  --- [main] com.zaxxer.hikari.HikariDataSource : HikariPool-1 - Starting... 
2019:10:20 21:00:21.679 INFO  --- [main] com.zaxxer.hikari.HikariDataSource : HikariPool-1 - Start completed. 
2019:10:20 21:00:21.774 INFO  --- [main] o.h.jpa.internal.util.LogHelper : HHH000204: Processing PersistenceUnitInfo [
	name: default
	...] 
2019:10:20 21:00:21.865 INFO  --- [main] org.hibernate.Version : HHH000412: Hibernate Core {5.3.7.Final} 
2019:10:20 21:00:21.867 INFO  --- [main] org.hibernate.cfg.Environment : HHH000206: hibernate.properties not found 
2019:10:20 21:00:22.029 INFO  --- [main] o.h.annotations.common.Version : HCANN000001: Hibernate Commons Annotations {5.0.4.Final} 
2019:10:20 21:00:22.820 INFO  --- [main] org.hibernate.dialect.Dialect : HHH000400: Using dialect: org.hibernate.dialect.H2Dialect 
2019:10:20 21:00:23.662 INFO  --- [main] o.h.t.s.internal.SchemaCreatorImpl : HHH000476: Executing import script 'org.hibernate.tool.schema.internal.exec.ScriptSourceInputNonExistentImpl@68fc9167' 
2019:10:20 21:00:23.665 INFO  --- [main] o.s.o.j.LocalContainerEntityManagerFactoryBean : Initialized JPA EntityManagerFactory for persistence unit 'default' 
2019:10:20 21:00:24.648 WARN  --- [main] o.s.b.a.o.j.JpaBaseConfiguration$JpaWebConfiguration$JpaWebMvcConfiguration : spring.jpa.open-in-view is enabled by default. Therefore, database queries may be performed during view rendering. Explicitly configure spring.jpa.open-in-view to disable this warning 
2019:10:20 21:00:25.109 INFO  --- [main] o.s.b.w.e.tomcat.TomcatWebServer : Tomcat started on port(s): 8080 (http) with context path '' 
2019:10:20 21:00:25.112 INFO  --- [main] com.jypweback.portfolio.Application : Started Application in 7.854 seconds (JVM running for 8.482) 
2019:10:20 21:00:50.401 INFO  --- [http-nio-8080-exec-1] o.a.c.c.C.[Tomcat].[localhost].[/] : Initializing Spring DispatcherServlet 'dispatcherServlet' 
2019:10:20 21:00:50.402 INFO  --- [http-nio-8080-exec-1] o.s.web.servlet.DispatcherServlet : Initializing Servlet 'dispatcherServlet' 
2019:10:20 21:00:50.416 INFO  --- [http-nio-8080-exec-1] o.s.web.servlet.DispatcherServlet : Completed initialization in 12 ms 
2019:10:20 21:00:51.367 WARN  --- [http-nio-8080-exec-1] n.n.u.t.fragments.FragmentProcessor : You don't need to put the layout:fragment/data-layout-fragment attribute into the <head> section - the decoration process will automatically copy the <head> section of your content templates into your layout page. 
2019:10:20 21:00:51.906 WARN  --- [http-nio-8080-exec-5] o.s.web.servlet.PageNotFound : No mapping for GET /favicon.ico 
2019:10:20 21:00:52.059 INFO  --- [http-nio-8080-exec-6] o.h.h.i.QueryTranslatorFactoryInitiator : HHH000397: Using ASTQueryTranslatorFactory 
2019:10:20 21:01:20.629 ERROR --- [http-nio-8080-exec-1] o.a.c.c.C.[.[.[.[dispatcherServlet] : Servlet.service() for servlet [dispatcherServlet] in context with path [] threw exception [Request processing failed; nested exception is javax.persistence.EntityNotFoundException: Board 100 not found.] with root cause 
javax.persistence.EntityNotFoundException: Board 100 not found.
	at com.jypweback.portfolio.service.BoardServiceImpl.lambda$getBoard$0(BoardServiceImpl.java:57)
	at java.util.Optional.orElseThrow(Optional.java:290)
	at com.jypweback.portfolio.service.BoardServiceImpl.getBoard(BoardServiceImpl.java:57)
	at com.jypweback.portfolio.service.BoardServiceImpl.getBoardDto(BoardServiceImpl.java:51)
	at com.jypweback.portfolio.service.BoardServiceImpl$$FastClassBySpringCGLIB$$79401713.invoke(<generated>)
	at org.springframework.cglib.proxy.MethodProxy.invoke(MethodProxy.java:218)
	at org.springframework.aop.framework.CglibAopProxy$CglibMethodInvocation.invokeJoinpoint(CglibAopProxy.java:749)
	at org.springframework.aop.framework.ReflectiveMethodInvocation.proceed(ReflectiveMethodInvocation.java:163)
	at org.springframework.transaction.interceptor.TransactionAspectSupport.invokeWithinTransaction(TransactionAspectSupport.java:294)
	at org.springframework.transaction.interceptor.TransactionInterceptor.invoke(TransactionInterceptor.java:98)
	at org.springframework.aop.framework.ReflectiveMethodInvocation.proceed(ReflectiveMethodInvocation.java:186)
	at org.springframework.aop.framework.CglibAopProxy$DynamicAdvisedInterceptor.intercept(CglibAopProxy.java:688)
	at com.jypweback.portfolio.service.BoardServiceImpl$$EnhancerBySpringCGLIB$$272c2ad2.getBoardDto(<generated>)
	at com.jypweback.portfolio.controller.web.BoardViewController.detail(BoardViewController.java:38)
	at sun.reflect.NativeMethodAccessorImpl.invoke0(Native Method)
	at sun.reflect.NativeMethodAccessorImpl.invoke(NativeMethodAccessorImpl.java:62)
	at sun.reflect.DelegatingMethodAccessorImpl.invoke(DelegatingMethodAccessorImpl.java:43)
	at java.lang.reflect.Method.invoke(Method.java:498)
	at org.springframework.web.method.support.InvocableHandlerMethod.doInvoke(InvocableHandlerMethod.java:189)
	at org.springframework.web.method.support.InvocableHandlerMethod.invokeForRequest(InvocableHandlerMethod.java:138)
	at org.springframework.web.servlet.mvc.method.annotation.ServletInvocableHandlerMethod.invokeAndHandle(ServletInvocableHandlerMethod.java:102)
	at org.springframework.web.servlet.mvc.method.annotation.RequestMappingHandlerAdapter.invokeHandlerMethod(RequestMappingHandlerAdapter.java:895)
	at org.springframework.web.servlet.mvc.method.annotation.RequestMappingHandlerAdapter.handleInternal(RequestMappingHandlerAdapter.java:800)
	at org.springframework.web.servlet.mvc.method.AbstractHandlerMethodAdapter.handle(AbstractHandlerMethodAdapter.java:87)
	at org.springframework.web.servlet.DispatcherServlet.doDispatch(DispatcherServlet.java:1038)
	at org.springframework.web.servlet.DispatcherServlet.doService(DispatcherServlet.java:942)
	at org.springframework.web.servlet.FrameworkServlet.processRequest(FrameworkServlet.java:1005)
	at org.springframework.web.servlet.FrameworkServlet.doGet(FrameworkServlet.java:897)
	at javax.servlet.http.HttpServlet.service(HttpServlet.java:634)
	at org.springframework.web.servlet.FrameworkServlet.service(FrameworkServlet.java:882)
	at javax.servlet.http.HttpServlet.service(HttpServlet.java:741)
	at org.apache.catalina.core.ApplicationFilterChain.internalDoFilter(ApplicationFilterChain.java:231)
	at org.apache.catalina.core.ApplicationFilterChain.doFilter(ApplicationFilterChain.java:166)
	at org.apache.tomcat.websocket.server.WsFilter.doFilter(WsFilter.java:53)
	at org.apache.catalina.core.ApplicationFilterChain.internalDoFilter(ApplicationFilterChain.java:193)
	at org.apache.catalina.core.ApplicationFilterChain.doFilter(ApplicationFilterChain.java:166)
	at org.springframework.web.filter.CharacterEncodingFilter.doFilterInternal(CharacterEncodingFilter.java:200)
	at org.springframework.web.filter.OncePerRequestFilter.doFilter(OncePerRequestFilter.java:107)
	at org.apache.catalina.core.ApplicationFilterChain.internalDoFilter(ApplicationFilterChain.java:193)
	at org.apache.catalina.core.ApplicationFilterChain.doFilter(ApplicationFilterChain.java:166)
	at org.apache.catalina.core.StandardWrapperValve.invoke(StandardWrapperValve.java:199)
	at org.apache.catalina.core.StandardContextValve.invoke(StandardContextValve.java:96)
	at org.apache.catalina.authenticator.AuthenticatorBase.invoke(AuthenticatorBase.java:490)
	at org.apache.catalina.core.StandardHostValve.invoke(StandardHostValve.java:139)
	at org.apache.catalina.valves.ErrorReportValve.invoke(ErrorReportValve.java:92)
	at org.apache.catalina.core.StandardEngineValve.invoke(StandardEngineValve.java:74)
	at org.apache.catalina.connector.CoyoteAdapter.service(CoyoteAdapter.java:343)
	at org.apache.coyote.http11.Http11Processor.service(Http11Processor.java:408)
	at org.apache.coyote.AbstractProcessorLight.process(AbstractProcessorLight.java:66)
	at org.apache.coyote.AbstractProtocol$ConnectionHandler.process(AbstractProtocol.java:791)
	at org.apache.tomcat.util.net.NioEndpoint$SocketProcessor.doRun(NioEndpoint.java:1417)
	at org.apache.tomcat.util.net.SocketProcessorBase.run(SocketProcessorBase.java:49)
	at java.util.concurrent.ThreadPoolExecutor.runWorker(ThreadPoolExecutor.java:1149)
	at java.util.concurrent.ThreadPoolExecutor$Worker.run(ThreadPoolExecutor.java:624)
	at org.apache.tomcat.util.threads.TaskThread$WrappingRunnable.run(TaskThread.java:61)
	at java.lang.Thread.run(Thread.java:748)
2019:10:20 21:01:20.646 ERROR --- [http-nio-8080-exec-1] org.thymeleaf.TemplateEngine : [THYMELEAF][http-nio-8080-exec-1] Exception processing template "error": An error happened during template parsing (template: "class path resource [templates/error.html]") 
org.thymeleaf.exceptions.TemplateInputException: An error happened during template parsing (template: "class path resource [templates/error.html]")
	at org.thymeleaf.templateparser.markup.AbstractMarkupTemplateParser.parse(AbstractMarkupTemplateParser.java:235)
	at org.thymeleaf.templateparser.markup.AbstractMarkupTemplateParser.parseStandalone(AbstractMarkupTemplateParser.java:100)
	at org.thymeleaf.engine.TemplateManager.parseAndProcess(TemplateManager.java:666)
	at org.thymeleaf.TemplateEngine.process(TemplateEngine.java:1098)
	at org.thymeleaf.TemplateEngine.process(TemplateEngine.java:1072)
	at org.thymeleaf.spring5.view.ThymeleafView.renderFragment(ThymeleafView.java:362)
	at org.thymeleaf.spring5.view.ThymeleafView.render(ThymeleafView.java:189)
	at org.springframework.web.servlet.DispatcherServlet.render(DispatcherServlet.java:1370)
	at org.springframework.web.servlet.DispatcherServlet.processDispatchResult(DispatcherServlet.java:1116)
	at org.springframework.web.servlet.DispatcherServlet.doDispatch(DispatcherServlet.java:1055)
	at org.springframework.web.servlet.DispatcherServlet.doService(DispatcherServlet.java:942)
	at org.springframework.web.servlet.FrameworkServlet.processRequest(FrameworkServlet.java:1005)
	at org.springframework.web.servlet.FrameworkServlet.doGet(FrameworkServlet.java:897)
	at javax.servlet.http.HttpServlet.service(HttpServlet.java:634)
	at org.springframework.web.servlet.FrameworkServlet.service(FrameworkServlet.java:882)
	at javax.servlet.http.HttpServlet.service(HttpServlet.java:741)
	at org.apache.catalina.core.ApplicationFilterChain.internalDoFilter(ApplicationFilterChain.java:231)
	at org.apache.catalina.core.ApplicationFilterChain.doFilter(ApplicationFilterChain.java:166)
	at org.apache.catalina.core.ApplicationDispatcher.invoke(ApplicationDispatcher.java:712)
	at org.apache.catalina.core.ApplicationDispatcher.processRequest(ApplicationDispatcher.java:461)
	at org.apache.catalina.core.ApplicationDispatcher.doForward(ApplicationDispatcher.java:384)
	at org.apache.catalina.core.ApplicationDispatcher.forward(ApplicationDispatcher.java:312)
	at org.apache.catalina.core.StandardHostValve.custom(StandardHostValve.java:394)
	at org.apache.catalina.core.StandardHostValve.status(StandardHostValve.java:253)
	at org.apache.catalina.core.StandardHostValve.throwable(StandardHostValve.java:348)
	at org.apache.catalina.core.StandardHostValve.invoke(StandardHostValve.java:173)
	at org.apache.catalina.valves.ErrorReportValve.invoke(ErrorReportValve.java:92)
	at org.apache.catalina.core.StandardEngineValve.invoke(StandardEngineValve.java:74)
	at org.apache.catalina.connector.CoyoteAdapter.service(CoyoteAdapter.java:343)
	at org.apache.coyote.http11.Http11Processor.service(Http11Processor.java:408)
	at org.apache.coyote.AbstractProcessorLight.process(AbstractProcessorLight.java:66)
	at org.apache.coyote.AbstractProtocol$ConnectionHandler.process(AbstractProtocol.java:791)
	at org.apache.tomcat.util.net.NioEndpoint$SocketProcessor.doRun(NioEndpoint.java:1417)
	at org.apache.tomcat.util.net.SocketProcessorBase.run(SocketProcessorBase.java:49)
	at java.util.concurrent.ThreadPoolExecutor.runWorker(ThreadPoolExecutor.java:1149)
	at java.util.concurrent.ThreadPoolExecutor$Worker.run(ThreadPoolExecutor.java:624)
	at org.apache.tomcat.util.threads.TaskThread$WrappingRunnable.run(TaskThread.java:61)
	at java.lang.Thread.run(Thread.java:748)
Caused by: java.io.FileNotFoundException: class path resource [templates/error.html] cannot be opened because it does not exist
	at org.springframework.core.io.ClassPathResource.getInputStream(ClassPathResource.java:180)
	at org.thymeleaf.spring5.templateresource.SpringResourceTemplateResource.reader(SpringResourceTemplateResource.java:103)
	at org.thymeleaf.templateparser.markup.AbstractMarkupTemplateParser.parse(AbstractMarkupTemplateParser.java:223)
	... 37 common frames omitted
2019:10:20 21:01:20.648 ERROR --- [http-nio-8080-exec-1] o.a.c.c.C.[.[.[.[dispatcherServlet] : Servlet.service() for servlet [dispatcherServlet] threw exception 
java.io.FileNotFoundException: class path resource [templates/error.html] cannot be opened because it does not exist
	at org.springframework.core.io.ClassPathResource.getInputStream(ClassPathResource.java:180)
	at org.thymeleaf.spring5.templateresource.SpringResourceTemplateResource.reader(SpringResourceTemplateResource.java:103)
	at org.thymeleaf.templateparser.markup.AbstractMarkupTemplateParser.parse(AbstractMarkupTemplateParser.java:223)
	at org.thymeleaf.templateparser.markup.AbstractMarkupTemplateParser.parseStandalone(AbstractMarkupTemplateParser.java:100)
	at org.thymeleaf.engine.TemplateManager.parseAndProcess(TemplateManager.java:666)
	at org.thymeleaf.TemplateEngine.process(TemplateEngine.java:1098)
	at org.thymeleaf.TemplateEngine.process(TemplateEngine.java:1072)
	at org.thymeleaf.spring5.view.ThymeleafView.renderFragment(ThymeleafView.java:362)
	at org.thymeleaf.spring5.view.ThymeleafView.render(ThymeleafView.java:189)
	at org.springframework.web.servlet.DispatcherServlet.render(DispatcherServlet.java:1370)
	at org.springframework.web.servlet.DispatcherServlet.processDispatchResult(DispatcherServlet.java:1116)
	at org.springframework.web.servlet.DispatcherServlet.doDispatch(DispatcherServlet.java:1055)
	at org.springframework.web.servlet.DispatcherServlet.doService(DispatcherServlet.java:942)
	at org.springframework.web.servlet.FrameworkServlet.processRequest(FrameworkServlet.java:1005)
	at org.springframework.web.servlet.FrameworkServlet.doGet(FrameworkServlet.java:897)
	at javax.servlet.http.HttpServlet.service(HttpServlet.java:634)
	at org.springframework.web.servlet.FrameworkServlet.service(FrameworkServlet.java:882)
	at javax.servlet.http.HttpServlet.service(HttpServlet.java:741)
	at org.apache.catalina.core.ApplicationFilterChain.internalDoFilter(ApplicationFilterChain.java:231)
	at org.apache.catalina.core.ApplicationFilterChain.doFilter(ApplicationFilterChain.java:166)
	at org.apache.catalina.core.ApplicationDispatcher.invoke(ApplicationDispatcher.java:712)
	at org.apache.catalina.core.ApplicationDispatcher.processRequest(ApplicationDispatcher.java:461)
	at org.apache.catalina.core.ApplicationDispatcher.doForward(ApplicationDispatcher.java:384)
	at org.apache.catalina.core.ApplicationDispatcher.forward(ApplicationDispatcher.java:312)
	at org.apache.catalina.core.StandardHostValve.custom(StandardHostValve.java:394)
	at org.apache.catalina.core.StandardHostValve.status(StandardHostValve.java:253)
	at org.apache.catalina.core.StandardHostValve.throwable(StandardHostValve.java:348)
	at org.apache.catalina.core.StandardHostValve.invoke(StandardHostValve.java:173)
	at org.apache.catalina.valves.ErrorReportValve.invoke(ErrorReportValve.java:92)
	at org.apache.catalina.core.StandardEngineValve.invoke(StandardEngineValve.java:74)
	at org.apache.catalina.connector.CoyoteAdapter.service(CoyoteAdapter.java:343)
	at org.apache.coyote.http11.Http11Processor.service(Http11Processor.java:408)
	at org.apache.coyote.AbstractProcessorLight.process(AbstractProcessorLight.java:66)
	at org.apache.coyote.AbstractProtocol$ConnectionHandler.process(AbstractProtocol.java:791)
	at org.apache.tomcat.util.net.NioEndpoint$SocketProcessor.doRun(NioEndpoint.java:1417)
	at org.apache.tomcat.util.net.SocketProcessorBase.run(SocketProcessorBase.java:49)
	at java.util.concurrent.ThreadPoolExecutor.runWorker(ThreadPoolExecutor.java:1149)
	at java.util.concurrent.ThreadPoolExecutor$Worker.run(ThreadPoolExecutor.java:624)
	at org.apache.tomcat.util.threads.TaskThread$WrappingRunnable.run(TaskThread.java:61)
	at java.lang.Thread.run(Thread.java:748)
2019:10:20 21:01:20.649 ERROR --- [http-nio-8080-exec-1] o.a.c.c.C.[Tomcat].[localhost] : Exception Processing ErrorPage[errorCode=0, location=/error] 
org.springframework.web.util.NestedServletException: Request processing failed; nested exception is org.thymeleaf.exceptions.TemplateInputException: An error happened during template parsing (template: "class path resource [templates/error.html]")
	at org.springframework.web.servlet.FrameworkServlet.processRequest(FrameworkServlet.java:1013)
	at org.springframework.web.servlet.FrameworkServlet.doGet(FrameworkServlet.java:897)
	at javax.servlet.http.HttpServlet.service(HttpServlet.java:634)
	at org.springframework.web.servlet.FrameworkServlet.service(FrameworkServlet.java:882)
	at javax.servlet.http.HttpServlet.service(HttpServlet.java:741)
	at org.apache.catalina.core.ApplicationFilterChain.internalDoFilter(ApplicationFilterChain.java:231)
	at org.apache.catalina.core.ApplicationFilterChain.doFilter(ApplicationFilterChain.java:166)
	at org.apache.catalina.core.ApplicationDispatcher.invoke(ApplicationDispatcher.java:712)
	at org.apache.catalina.core.ApplicationDispatcher.processRequest(ApplicationDispatcher.java:461)
	at org.apache.catalina.core.ApplicationDispatcher.doForward(ApplicationDispatcher.java:384)
	at org.apache.catalina.core.ApplicationDispatcher.forward(ApplicationDispatcher.java:312)
	at org.apache.catalina.core.StandardHostValve.custom(StandardHostValve.java:394)
	at org.apache.catalina.core.StandardHostValve.status(StandardHostValve.java:253)
	at org.apache.catalina.core.StandardHostValve.throwable(StandardHostValve.java:348)
	at org.apache.catalina.core.StandardHostValve.invoke(StandardHostValve.java:173)
	at org.apache.catalina.valves.ErrorReportValve.invoke(ErrorReportValve.java:92)
	at org.apache.catalina.core.StandardEngineValve.invoke(StandardEngineValve.java:74)
	at org.apache.catalina.connector.CoyoteAdapter.service(CoyoteAdapter.java:343)
	at org.apache.coyote.http11.Http11Processor.service(Http11Processor.java:408)
	at org.apache.coyote.AbstractProcessorLight.process(AbstractProcessorLight.java:66)
	at org.apache.coyote.AbstractProtocol$ConnectionHandler.process(AbstractProtocol.java:791)
	at org.apache.tomcat.util.net.NioEndpoint$SocketProcessor.doRun(NioEndpoint.java:1417)
	at org.apache.tomcat.util.net.SocketProcessorBase.run(SocketProcessorBase.java:49)
	at java.util.concurrent.ThreadPoolExecutor.runWorker(ThreadPoolExecutor.java:1149)
	at java.util.concurrent.ThreadPoolExecutor$Worker.run(ThreadPoolExecutor.java:624)
	at org.apache.tomcat.util.threads.TaskThread$WrappingRunnable.run(TaskThread.java:61)
	at java.lang.Thread.run(Thread.java:748)
Caused by: org.thymeleaf.exceptions.TemplateInputException: An error happened during template parsing (template: "class path resource [templates/error.html]")
	at org.thymeleaf.templateparser.markup.AbstractMarkupTemplateParser.parse(AbstractMarkupTemplateParser.java:235)
	at org.thymeleaf.templateparser.markup.AbstractMarkupTemplateParser.parseStandalone(AbstractMarkupTemplateParser.java:100)
	at org.thymeleaf.engine.TemplateManager.parseAndProcess(TemplateManager.java:666)
	at org.thymeleaf.TemplateEngine.process(TemplateEngine.java:1098)
	at org.thymeleaf.TemplateEngine.process(TemplateEngine.java:1072)
	at org.thymeleaf.spring5.view.ThymeleafView.renderFragment(ThymeleafView.java:362)
	at org.thymeleaf.spring5.view.ThymeleafView.render(ThymeleafView.java:189)
	at org.springframework.web.servlet.DispatcherServlet.render(DispatcherServlet.java:1370)
	at org.springframework.web.servlet.DispatcherServlet.processDispatchResult(DispatcherServlet.java:1116)
	at org.springframework.web.servlet.DispatcherServlet.doDispatch(DispatcherServlet.java:1055)
	at org.springframework.web.servlet.DispatcherServlet.doService(DispatcherServlet.java:942)
	at org.springframework.web.servlet.FrameworkServlet.processRequest(FrameworkServlet.java:1005)
	... 26 common frames omitted
Caused by: java.io.FileNotFoundException: class path resource [templates/error.html] cannot be opened because it does not exist
	at org.springframework.core.io.ClassPathResource.getInputStream(ClassPathResource.java:180)
	at org.thymeleaf.spring5.templateresource.SpringResourceTemplateResource.reader(SpringResourceTemplateResource.java:103)
	at org.thymeleaf.templateparser.markup.AbstractMarkupTemplateParser.parse(AbstractMarkupTemplateParser.java:223)
	... 37 common frames omitted
